#model_parameters
%input_size=60
%output_size=1
%hidden_size=128
%num_layers=2
%dropout=0.1
#train 0
%parameters=229505
%hidden size=128
%layers=2
%dropout=0.1
%epochs=512
%learn rate=0.000545841116638722
%loss functional=L1Loss
%ma period=30
%final train loss=0.18789404406208374
%final sma train loss=0.18905919550228317
%final test loss=0.19114527972631676
%final sma test loss=0.16621914384670036
%grokfast active=False
%grokfast function=ema
%grokfast alpha=0.999
%grokfast window size=30
%grokfast lambda=1.0
%lr atten active=True
%lr atten endpoint=1e-05
%lr atten power=15.0
%notes=
#train 1
%parameters=229505
%hidden size=128
%layers=2
%dropout=0.1
%epochs=4096
%learn rate=6.6854511261663985e-06
%loss functional=L1Loss
%ma period=30
%final train loss=0.1830540429722814
%final sma train loss=0.18359957507173721
%final test loss=0.15626587424167368
%final sma test loss=0.15817725039267724
%grokfast active=True
%grokfast function=ema
%grokfast alpha=0.999
%grokfast window size=30
%grokfast lambda=1.0
%lr atten active=True
%lr atten endpoint=1e-07
%lr atten power=15.0
%notes=
#train 2
%parameters=229505
%hidden size=128
%layers=2
%dropout=0.1
%epochs=4096
%learn rate=5e-05
%loss functional=L1Loss
%ma period=30
%final train loss=0.1772014513050662
%final sma train loss=0.17738041101098892
%final test loss=0.15432007541490156
%final sma test loss=0.15332408621329668
%grokfast active=True
%grokfast function=ma
%grokfast alpha=0.98
%grokfast window size=64
%grokfast lambda=2.0
%lr atten active=False
%lr atten endpoint=1e-06
%lr atten power=15.0
%notes=
#train 3
%parameters=229505
%hidden size=128
%layers=2
%dropout=0.1
%epochs=512
%learn rate=0.0005588304734535363
%loss functional=L1Loss
%ma period=30
%final train loss=0.19622701855384156
%final sma train loss=0.19501778659627694
%final test loss=0.2254630011874576
%final sma test loss=0.22534073974735053
%grokfast active=False
%grokfast function=ema
%grokfast alpha=0.999
%grokfast window size=30
%grokfast lambda=1.0
%lr atten active=True
%lr atten endpoint=0.0001
%lr atten power=15.0
%notes=
