#model_parameters
%input_size=60
%output_size=1
%hidden_size=512
%num_layers=2
%dropout=0.1
#train 0
%parameters=3277313
%hidden size=512
%layers=2
%dropout=0.1
%epochs=128
%learn rate=0.001
%loss functional=L1Loss
%ma period=30
%final train loss=0.20284749050020673
%final sma train loss=0.20182244806359503
%final test loss=0.14826513618923898
%final sma test loss=0.1488946341960005
%grokfast active=False
%grokfast function=ema
%grokfast alpha=0.999
%grokfast window size=30
%grokfast lambda=1.0
%lr atten active=False
%lr atten endpoint=0.0001
%lr atten power=15.0
%notes=
#train 1
%parameters=3277313
%hidden size=512
%layers=2
%dropout=0.1
%epochs=256
%learn rate=0.0001
%loss functional=L1Loss
%ma period=30
%final train loss=0.1909984063403876
%final sma train loss=0.19120166829814472
%final test loss=0.16020393094351126
%final sma test loss=0.1584991422965545
%grokfast active=False
%grokfast function=ma
%grokfast alpha=0.98
%grokfast window size=64
%grokfast lambda=2.0
%lr atten active=True
%lr atten endpoint=0.0001
%lr atten power=1.0
%notes=
#train 2
%parameters=3277313
%hidden size=512
%layers=2
%dropout=0.1
%epochs=1024
%learn rate=2e-05
%loss functional=L1Loss
%ma period=30
%final train loss=0.1909239014072897
%final sma train loss=0.19103565117139032
%final test loss=0.1706589664830718
%final sma test loss=0.16674080712850703
%grokfast active=True
%grokfast function=ema
%grokfast alpha=0.98
%grokfast window size=64
%grokfast lambda=2.0
%lr atten active=True
%lr atten endpoint=2e-05
%lr atten power=5.0
%notes=
#train 3
%parameters=3277313
%hidden size=512
%layers=2
%dropout=0.1
%epochs=8192
%learn rate=0.00015
%loss functional=L1Loss
%ma period=30
%final train loss=0.17215277142355132
%final sma train loss=0.1722696925701789
%final test loss=0.152342539540557
%final sma test loss=0.15216733453463213
%grokfast active=True
%grokfast function=ma
%grokfast alpha=0.95
%grokfast window size=64
%grokfast lambda=5.0
%lr atten active=False
%lr atten endpoint=1e-06
%lr atten power=6.0
%notes=
#train 4
%parameters=3277313
%hidden size=512
%layers=2
%dropout=0.1
%epochs=8192
%learn rate=0.00015
%loss functional=L1Loss
%ma period=30
%final train loss=0.158359180933262
%final sma train loss=0.15846579475964795
%final test loss=0.15683938909408657
%final sma test loss=0.15691554086614948
%grokfast active=True
%grokfast function=ma
%grokfast alpha=0.95
%grokfast window size=64
%grokfast lambda=5.0
%lr atten active=False
%lr atten endpoint=1e-06
%lr atten power=6.0
%notes=
