#model_parameters
%input_size=60
%output_size=1
%hidden_size=16
%num_layers=2
%dropout=0.1
#train 0
%parameters=7185
%hidden size=16
%layers=2
%dropout=0.1
%epochs=4
%learn rate=0.0005588304734535363
%loss functional=L1Loss
%ma period=30
%final train loss=0.18181528649818948
%final sma train loss=0.21483297510438884
%final test loss=0.1521259716083837
%final sma test loss=0.17130994242291117
%grokfast active=False
%grokfast function=ema
%grokfast alpha=0.999
%grokfast window size=30
%grokfast lambda=1.0
%lr atten active=True
%lr atten endpoint=0.0001
%lr atten power=15.0
%notes=
#train 1
%parameters=7185
%hidden size=16
%layers=2
%dropout=0.1
%epochs=8
%learn rate=0.0005588304734535363
%loss functional=L1Loss
%ma period=30
%final train loss=0.17616144826472055
%final sma train loss=0.19061148120415095
%final test loss=0.14747532959594284
%final sma test loss=0.1622858541591685
%grokfast active=False
%grokfast function=ema
%grokfast alpha=0.999
%grokfast window size=30
%grokfast lambda=1.0
%lr atten active=True
%lr atten endpoint=0.0001
%lr atten power=15.0
%notes=
